99.06.07 16:40 A X:\msms\links\index.html <-- cahn@www.mems.uc.edu /export/home3/cahn/public_html/links index.html
99.06.07 16:41 A X:\msms\links\index.html --> www.mems.uc.edu /export/home3/cahn/public_html/links index.html
99.06.07 17:27 A X:\msms\links\index.html --> www.mems.uc.edu /export/home3/cahn/public_html/links index.html
99.06.07 17:33 A X:\msms\links\index.html --> www.mems.uc.edu /export/home3/cahn/public_html/links index.html
99.06.07 17:37 A X:\msms\links\index.html --> www.mems.uc.edu /export/home3/cahn/public_html/links index.html
99.06.07 17:41 A X:\msms\links\index.html --> www.mems.uc.edu /export/home3/cahn/public_html/links index.html
99.06.07 17:48 A X:\msms\links\index.html --> www.mems.uc.edu /export/home3/cahn/public_html/links index.html
99.06.07 17:55 A X:\msms\links\index.html --> www.mems.uc.edu /export/home3/cahn/public_html/links index.html
99.06.07 18:01 A X:\msms\links\index.html --> www.mems.uc.edu /export/home3/cahn/public_html/links index.html
99.06.07 18:07 A X:\msms\links\index.html --> www.mems.uc.edu /export/home3/cahn/public_html/links index.html
99.06.07 18:16 A X:\msms\links\index.html --> www.mems.uc.edu /export/home3/cahn/public_html/links index.html
99.06.07 18:28 A X:\msms\links\index.html --> www.mems.uc.edu /export/home3/cahn/public_html/links index.html
99.06.07 18:31 A X:\msms\links\index.html --> www.mems.uc.edu /export/home3/cahn/public_html/links index.html
99.06.07 18:35 A X:\msms\links\index.html --> www.mems.uc.edu /export/home3/cahn/public_html/links index.html
99.06.07 18:38 A X:\msms\links\index.html --> www.mems.uc.edu /export/home3/cahn/public_html/links index.html
99.06.07 18:41 A X:\msms\links\index.html --> www.mems.uc.edu /export/home3/cahn/public_html/links index.html
99.06.07 18:48 A X:\msms\links\index.html --> www.mems.uc.edu /export/home3/cahn/public_html/links index.html
99.06.07 18:49 A X:\msms\links\index.html --> www.mems.uc.edu /export/home3/cahn/public_html/links index.html
99.06.07 18:51 A X:\msms\links\index.html --> www.mems.uc.edu /export/home3/cahn/public_html/links index.html
99.06.07 18:55 A X:\msms\links\index.html --> www.mems.uc.edu /export/home3/cahn/public_html/links index.html
99.06.07 18:56 A X:\msms\links\index.html --> www.mems.uc.edu /export/home3/cahn/public_html/links index.html
99.06.07 19:06 A X:\msms\links\index.html --> www.mems.uc.edu /export/home3/cahn/public_html/links index.html
99.06.07 19:14 B X:\msms\links\index.html --> www.mems.uc.edu /export/home3/cahn/public_html/links index.html
99.06.07 19:16 B X:\msms\links\index.html --> www.mems.uc.edu /export/home3/cahn/public_html/links index.html
99.06.07 19:20 B X:\msms\links\index.html --> www.mems.uc.edu /export/home3/cahn/public_html/links index.html
99.06.07 19:21 B X:\msms\links\index.html --> www.mems.uc.edu /export/home3/cahn/public_html/links index.html
99.06.07 19:21 B X:\msms\links\index.html --> www.mems.uc.edu /export/home3/cahn/public_html/links index.html
99.06.07 19:24 B X:\msms\links\index.html --> www.mems.uc.edu /export/home3/cahn/public_html/links index.html
99.06.07 19:29 B X:\msms\links\index.html --> www.mems.uc.edu /export/home3/cahn/public_html/links index.html
99.06.07 19:32 B X:\msms\links\index.html --> www.mems.uc.edu /export/home3/cahn/public_html/links index.html
99.06.07 19:34 B X:\msms\links\index.html --> www.mems.uc.edu /export/home3/cahn/public_html/links index.html
99.06.07 19:37 B X:\msms\links\index.html --> www.mems.uc.edu /export/home3/cahn/public_html/links index.html
99.06.07 19:38 B X:\msms\links\index.html --> www.mems.uc.edu /export/home3/cahn/public_html/links index.html
99.06.07 19:40 B X:\msms\links\index.html --> www.mems.uc.edu /export/home3/cahn/public_html/links index.html
99.06.07 19:44 B X:\msms\links\index.html --> www.mems.uc.edu /export/home3/cahn/public_html/links index.html
99.06.07 19:46 B X:\msms\links\index.html --> www.mems.uc.edu /export/home3/cahn/public_html/links index.html
99.06.07 19:51 B X:\msms\links\index.html --> www.mems.uc.edu /export/home3/cahn/public_html/links index.html
99.06.07 19:51 B X:\msms\links\index.html --> www.mems.uc.edu /export/home3/cahn/public_html/links index.html
99.06.07 19:55 B X:\msms\links\index.html --> www.mems.uc.edu /export/home3/cahn/public_html/links index.html
99.06.07 19:56 B X:\msms\links\index.html --> www.mems.uc.edu /export/home3/cahn/public_html/links index.html
99.06.07 19:59 B X:\msms\links\index.html --> www.mems.uc.edu /export/home3/cahn/public_html/links index.html
99.06.07 20:06 B X:\msms\links\index.html --> www.mems.uc.edu /export/home3/cahn/public_html/links index.html
99.06.08 12:08 B X:\msms\links\index.html <-- cahn@www.mems.uc.edu /export/home3/cahn/public_html index.html
99.06.08 12:16 A X:\msms\links\government.html <-- cahn@www.mems.uc.edu /export/home3/cahn/public_html/links government.html
99.06.08 12:25 A X:\msms\links\government.html --> www.mems.uc.edu /export/home3/cahn/public_html/links government.html
99.06.08 12:25 A X:\msms\links\government.html --> www.mems.uc.edu /export/home3/cahn/public_html/links government.html
99.06.08 12:31 A X:\msms\links\government.html --> www.mems.uc.edu /export/home3/cahn/public_html/links government.html
99.06.08 12:31 A X:\msms\links\government.html --> www.mems.uc.edu /export/home3/cahn/public_html/links government.html
99.06.08 12:46 A X:\msms\links\government.html --> www.mems.uc.edu /export/home3/cahn/public_html/links government.html
99.06.08 12:46 A X:\msms\links\academic.html <-- cahn@www.mems.uc.edu /export/home3/cahn/public_html/links academic.html
99.06.08 12:47 A X:\msms\links\index.html <-- cahn@www.mems.uc.edu /export/home3/cahn/public_html/links index.html
99.06.08 12:48 A X:\msms\links\government.html --> www.mems.uc.edu /export/home3/cahn/public_html/links government.html
99.06.08 12:48 A X:\msms\links\academic.html --> www.mems.uc.edu /export/home3/cahn/public_html/links academic.html
99.06.08 12:48 A X:\msms\links\index.html --> www.mems.uc.edu /export/home3/cahn/public_html/links index.html
99.06.08 12:51 A X:\msms\links\academic.html --> www.mems.uc.edu /export/home3/cahn/public_html/links academic.html
99.06.08 12:51 A X:\msms\links\academic.html --> www.mems.uc.edu /export/home3/cahn/public_html/links academic.html
99.06.08 12:52 A X:\msms\links\index.html --> www.mems.uc.edu /export/home3/cahn/public_html/links index.html
99.06.08 12:52 A X:\msms\links\government.html --> www.mems.uc.edu /export/home3/cahn/public_html/links government.html
99.06.08 14:35 A X:\msms\links\academic.html --> www.mems.uc.edu /export/home3/cahn/public_html/links academic.html
99.06.08 14:35 A X:\msms\links\government.html --> www.mems.uc.edu /export/home3/cahn/public_html/links government.html
99.06.08 14:35 A X:\msms\links\index.html --> www.mems.uc.edu /export/home3/cahn/public_html/links index.html
99.06.08 14:36 A X:\msms\links\conference.html <-- cahn@www.mems.uc.edu /export/home3/cahn/public_html/links conference.html
99.06.08 14:38 A X:\msms\links\conference.html --> www.mems.uc.edu /export/home3/cahn/public_html/links conference.html
99.06.08 14:40 A X:\msms\links\company.html <-- cahn@www.mems.uc.edu /export/home3/cahn/public_html/links company.html
99.06.08 14:41 A X:\msms\links\company.html --> www.mems.uc.edu /export/home3/cahn/public_html/links company.html
99.06.08 14:41 A X:\msms\links\index.html --> www.mems.uc.edu /export/home3/cahn/public_html/links index.html
99.06.08 14:43 A X:\msms\links\index.html --> www.mems.uc.edu /export/home3/cahn/public_html/links index.html
99.06.08 14:43 A X:\msms\links\academic.html --> www.mems.uc.edu /export/home3/cahn/public_html/links academic.html
99.06.09 12:35 B X:\msms\links\academic.html <-- cahn@www.mems.uc.edu /export/home3/cahn/public_html/links academic.html
99.06.09 12:35 B X:\msms\links\company.html <-- cahn@www.mems.uc.edu /export/home3/cahn/public_html/links company.html
99.06.09 12:35 B X:\msms\links\conference.html <-- cahn@www.mems.uc.edu /export/home3/cahn/public_html/links conference.html
99.06.09 12:35 B X:\msms\links\government.html <-- cahn@www.mems.uc.edu /export/home3/cahn/public_html/links government.html
99.06.09 12:35 B X:\msms\links\index.html <-- cahn@www.mems.uc.edu /export/home3/cahn/public_html/links index.html
99.06.09 12:35 B X:\msms\links\journal.html <-- cahn@www.mems.uc.edu /export/home3/cahn/public_html/links journal.html
99.06.09 12:35 B X:\msms\links\others.html <-- cahn@www.mems.uc.edu /export/home3/cahn/public_html/links others.html
99.06.09 12:35 B X:\msms\links\resource.html <-- cahn@www.mems.uc.edu /export/home3/cahn/public_html/links resource.html
99.06.09 12:38 B X:\msms\links\academic.html --> www.mems.uc.edu /export/home3/cahn/public_html/links academic.html
99.06.09 12:38 B X:\msms\links\company.html --> www.mems.uc.edu /export/home3/cahn/public_html/links company.html
99.06.09 12:38 B X:\msms\links\conference.html --> www.mems.uc.edu /export/home3/cahn/public_html/links conference.html
99.06.09 12:38 B X:\msms\links\government.html --> www.mems.uc.edu /export/home3/cahn/public_html/links government.html
99.06.09 12:38 B X:\msms\links\index.html --> www.mems.uc.edu /export/home3/cahn/public_html/links index.html
99.06.09 12:38 B X:\msms\links\journal.html --> www.mems.uc.edu /export/home3/cahn/public_html/links journal.html
99.06.09 12:38 B X:\msms\links\others.html --> www.mems.uc.edu /export/home3/cahn/public_html/links others.html
99.06.09 12:38 B X:\msms\links\resource.html --> www.mems.uc.edu /export/home3/cahn/public_html/links resource.html
99.06.22 17:59 B X:\msms\links\academic.html <-- cahn@www.mems.uc.edu /export/home3/cahn/public_html/links academic.html
99.06.22 17:59 B X:\msms\links\company.html <-- cahn@www.mems.uc.edu /export/home3/cahn/public_html/links company.html
99.06.22 17:59 B X:\msms\links\conference.html <-- cahn@www.mems.uc.edu /export/home3/cahn/public_html/links conference.html
99.06.22 17:59 B X:\msms\links\government.html <-- cahn@www.mems.uc.edu /export/home3/cahn/public_html/links government.html
99.06.22 17:59 B X:\msms\links\index.html <-- cahn@www.mems.uc.edu /export/home3/cahn/public_html/links index.html
99.06.22 17:59 B X:\msms\links\journal.html <-- cahn@www.mems.uc.edu /export/home3/cahn/public_html/links journal.html
99.06.22 17:59 B X:\msms\links\others.html <-- cahn@www.mems.uc.edu /export/home3/cahn/public_html/links others.html
99.06.22 17:59 B X:\msms\links\resource.html <-- cahn@www.mems.uc.edu /export/home3/cahn/public_html/links resource.html
99.06.25 16:41 B X:\msms\links\academic.html --> www.mems.uc.edu /export/home3/cahn/public_html/links academic.html
99.06.25 16:41 B X:\msms\links\company.html --> www.mems.uc.edu /export/home3/cahn/public_html/links company.html
99.06.25 16:41 B X:\msms\links\conference.html --> www.mems.uc.edu /export/home3/cahn/public_html/links conference.html
99.06.25 16:41 B X:\msms\links\government.html --> www.mems.uc.edu /export/home3/cahn/public_html/links government.html
99.06.25 16:41 B X:\msms\links\index.html --> www.mems.uc.edu /export/home3/cahn/public_html/links index.html
99.06.25 16:41 B X:\msms\links\journal.html --> www.mems.uc.edu /export/home3/cahn/public_html/links journal.html
99.06.25 16:41 B X:\msms\links\others.html --> www.mems.uc.edu /export/home3/cahn/public_html/links others.html
99.06.25 16:41 B X:\msms\links\resource.html --> www.mems.uc.edu /export/home3/cahn/public_html/links resource.html
100.04.25 15:15 B C:\htdocs\public_html\links\WS_FTP.LOG <-- cahn@www.mems.uc.edu /export/home3/cahn/public_html/links WS_FTP.LOG
100.05.02 12:04 B C:\htdocs\public_html\links\academic.html --> www.mems.uc.edu /export/home3/cahn/public_html/links academic.html
100.05.02 12:04 B C:\htdocs\public_html\links\company.html --> www.mems.uc.edu /export/home3/cahn/public_html/links company.html
100.05.02 12:04 B C:\htdocs\public_html\links\conference.html --> www.mems.uc.edu /export/home3/cahn/public_html/links conference.html
100.05.02 12:04 B C:\htdocs\public_html\links\government.html --> www.mems.uc.edu /export/home3/cahn/public_html/links government.html
100.05.02 12:04 B C:\htdocs\public_html\links\index.html --> www.mems.uc.edu /export/home3/cahn/public_html/links index.html
100.05.02 12:04 B C:\htdocs\public_html\links\journal.html --> www.mems.uc.edu /export/home3/cahn/public_html/links journal.html
100.05.02 12:04 B C:\htdocs\public_html\links\others.html --> www.mems.uc.edu /export/home3/cahn/public_html/links others.html
100.05.02 12:04 B C:\htdocs\public_html\links\resource.html --> www.mems.uc.edu /export/home3/cahn/public_html/links resource.html
100.12.22 16:04 B X:\public_html\links\WS_FTP.LOG <-- www.mems.uc.edu /export/home3/cahn/public_html/links WS_FTP.LOG
100.12.22 16:50 B X:\public_html\links\academic.html --> prism.ececs.uc.edu /usr/local/htdocs/links academic.html
100.12.22 16:50 B X:\public_html\links\company.html --> prism.ececs.uc.edu /usr/local/htdocs/links company.html
100.12.22 16:50 B X:\public_html\links\conference.html --> prism.ececs.uc.edu /usr/local/htdocs/links conference.html
100.12.22 16:50 B X:\public_html\links\government.html --> prism.ececs.uc.edu /usr/local/htdocs/links government.html
100.12.22 16:50 B X:\public_html\links\index.html --> prism.ececs.uc.edu /usr/local/htdocs/links index.html
100.12.22 16:50 B X:\public_html\links\journal.html --> prism.ececs.uc.edu /usr/local/htdocs/links journal.html
100.12.22 16:50 B X:\public_html\links\others.html --> prism.ececs.uc.edu /usr/local/htdocs/links others.html
100.12.22 16:50 B X:\public_html\links\resource.html --> prism.ececs.uc.edu /usr/local/htdocs/links resource.html
