99.06.22 17:00 A X:\msms\mems\index.html <-- www.mems.uc.edu /export/local/www/apache_1.3.6/htdocs index.html
99.06.22 17:01 A X:\msms\mems\index.html --> www.mems.uc.edu /export/local/www/apache_1.3.6/htdocs index.html
99.06.22 17:03 A X:\msms\mems\index.html --> www.mems.uc.edu /export/local/www/apache_1.3.6/htdocs index.html
99.06.22 17:03 B X:\msms\mems\job.gif <-- www.mems.uc.edu /export/local/www/apache_1.3.6/htdocs job.gif
99.06.22 17:04 A X:\msms\mems\index.html --> www.mems.uc.edu /export/local/www/apache_1.3.6/htdocs index.html
99.06.22 17:05 A X:\msms\mems\index.html --> www.mems.uc.edu /export/local/www/apache_1.3.6/htdocs index.html
99.06.22 17:05 A X:\msms\mems\index.html --> www.mems.uc.edu /export/local/www/apache_1.3.6/htdocs index.html
99.06.22 17:06 A X:\msms\mems\index.html --> www.mems.uc.edu /export/local/www/apache_1.3.6/htdocs index.html
99.06.22 17:06 A X:\msms\mems\index.html --> www.mems.uc.edu /export/local/www/apache_1.3.6/htdocs index.html
99.06.22 17:07 A X:\msms\mems\index.html --> www.mems.uc.edu /export/local/www/apache_1.3.6/htdocs index.html
99.06.22 17:07 A X:\msms\mems\index.html --> www.mems.uc.edu /export/local/www/apache_1.3.6/htdocs index.html
99.06.22 17:08 A X:\msms\mems\index.html --> www.mems.uc.edu /export/local/www/apache_1.3.6/htdocs index.html
99.06.22 17:25 A X:\msms\mems\job.html --> www.mems.uc.edu /export/home/koh job.html
99.06.22 17:25 A X:\msms\mems\job.html --> www.mems.uc.edu /export/local/www/apache_1.3.6/htdocs job.html
99.06.22 17:50 B X:\msms\mems\job.html --> www.mems.uc.edu /export/local/www/apache_1.3.6/htdocs job.html
99.06.22 17:51 B X:\msms\mems\job.html --> www.mems.uc.edu /export/local/www/apache_1.3.6/htdocs job.html
99.06.23 16:42 A X:\msms\mems\research_faculty.html <-- www.mems.uc.edu /export/local/www/apache_1.3.6/htdocs/research research_faculty.html
99.06.23 16:43 A X:\msms\mems\research_faculty.html --> www.mems.uc.edu /export/local/www/apache_1.3.6/htdocs/research research_faculty.html
99.06.23 18:00 A X:\msms\mems\ece641.html <-- www.mems.uc.edu /export/local/www/apache_1.3.6/htdocs ece641.html
99.06.23 18:05 A X:\msms\mems\ahn2.html --> www.mems.uc.edu /export/local/www/apache_1.3.6/htdocs ahn2.html
99.06.23 18:06 A X:\msms\mems\ahn2.html --> www.mems.uc.edu /export/local/www/apache_1.3.6/htdocs ahn2.html
99.06.23 18:06 B X:\msms\mems\cmsmmems.gif --> www.mems.uc.edu /export/local/www/apache_1.3.6/htdocs cmsmmems.gif
99.06.23 18:08 B X:\msms\mems\ahn2.html --> www.mems.uc.edu /export/local/www/apache_1.3.6/htdocs ahn2.html
99.06.23 18:09 B X:\msms\mems\ahn2.html --> www.mems.uc.edu /export/local/www/apache_1.3.6/htdocs ahn2.html
99.06.23 18:10 B X:\msms\mems\ahn2.html --> www.mems.uc.edu /export/local/www/apache_1.3.6/htdocs ahn2.html
99.06.23 18:11 B X:\msms\mems\ahn2.html --> www.mems.uc.edu /export/local/www/apache_1.3.6/htdocs ahn2.html
99.06.23 18:12 B X:\msms\mems\ahn2.html --> www.mems.uc.edu /export/local/www/apache_1.3.6/htdocs ahn2.html
99.06.23 18:15 B X:\msms\mems\banner-memsatuc1.gif --> www.mems.uc.edu /export/local/www/apache_1.3.6/htdocs banner-memsatuc1.gif
99.06.23 18:15 B X:\msms\mems\banner-memsatuc2.gif --> www.mems.uc.edu /export/local/www/apache_1.3.6/htdocs banner-memsatuc2.gif
99.06.23 18:16 B X:\msms\mems\banner-memsatuc1.gif --> www.mems.uc.edu /export/local/www/apache_1.3.6/htdocs banner-memsatuc1.gif
99.06.23 18:16 B X:\msms\mems\banner-memsatuc2.gif --> www.mems.uc.edu /export/local/www/apache_1.3.6/htdocs banner-memsatuc2.gif
99.06.23 18:16 B X:\msms\mems\ahn.html --> www.mems.uc.edu /export/local/www/apache_1.3.6/htdocs ahn.html
100.03.03 12:36 B X:\msms\mems\ahn.html --> mems.ececs.uc.edu /usr/local/apache/htdocs/mems ahn.html
100.03.03 12:36 B X:\msms\mems\ahn2.html --> mems.ececs.uc.edu /usr/local/apache/htdocs/mems ahn2.html
100.03.03 12:36 B X:\msms\mems\banner-memsatuc1.gif --> mems.ececs.uc.edu /usr/local/apache/htdocs/mems banner-memsatuc1.gif
100.03.03 12:36 B X:\msms\mems\banner-memsatuc2.gif --> mems.ececs.uc.edu /usr/local/apache/htdocs/mems banner-memsatuc2.gif
100.03.03 12:36 B X:\msms\mems\cmsmmems.gif --> mems.ececs.uc.edu /usr/local/apache/htdocs/mems cmsmmems.gif
100.03.03 12:36 B X:\msms\mems\ece641.html --> mems.ececs.uc.edu /usr/local/apache/htdocs/mems ece641.html
100.03.03 12:36 B X:\msms\mems\index.html --> mems.ececs.uc.edu /usr/local/apache/htdocs/mems index.html
100.03.03 12:36 B X:\msms\mems\job.gif --> mems.ececs.uc.edu /usr/local/apache/htdocs/mems job.gif
100.03.03 12:36 B X:\msms\mems\job.html --> mems.ececs.uc.edu /usr/local/apache/htdocs/mems job.html
100.03.03 12:36 B X:\msms\mems\research_faculty.html --> mems.ececs.uc.edu /usr/local/apache/htdocs/mems research_faculty.html
