100.04.25 15:15 B C:\htdocs\public_html\publications\book.html <-- cahn@www.mems.uc.edu /export/home3/cahn/public_html/publications book.html
100.04.25 15:15 B C:\htdocs\public_html\publications\conference.html <-- cahn@www.mems.uc.edu /export/home3/cahn/public_html/publications conference.html
100.04.25 15:15 B C:\htdocs\public_html\publications\index.html <-- cahn@www.mems.uc.edu /export/home3/cahn/public_html/publications index.html
100.04.25 15:15 B C:\htdocs\public_html\publications\invited.html <-- cahn@www.mems.uc.edu /export/home3/cahn/public_html/publications invited.html
100.04.25 15:15 B C:\htdocs\public_html\publications\journal.html <-- cahn@www.mems.uc.edu /export/home3/cahn/public_html/publications journal.html
100.04.25 15:15 B C:\htdocs\public_html\publications\patent.html <-- cahn@www.mems.uc.edu /export/home3/cahn/public_html/publications patent.html
100.04.25 15:15 B C:\htdocs\public_html\publications\review.html <-- cahn@www.mems.uc.edu /export/home3/cahn/public_html/publications review.html
100.04.25 19:30 B C:\htdocs\public_html\publications\conference.html --> www.mems.uc.edu /export/home3/cahn/public_html/publications conference.html
100.04.25 19:30 B C:\htdocs\public_html\publications\index.html --> www.mems.uc.edu /export/home3/cahn/public_html/publications index.html
100.04.25 19:30 B C:\htdocs\public_html\publications\invited.html --> www.mems.uc.edu /export/home3/cahn/public_html/publications invited.html
100.04.25 19:30 B C:\htdocs\public_html\publications\journal.html --> www.mems.uc.edu /export/home3/cahn/public_html/publications journal.html
100.04.25 19:30 B C:\htdocs\public_html\publications\patent.html --> www.mems.uc.edu /export/home3/cahn/public_html/publications patent.html
100.04.25 19:30 B C:\htdocs\public_html\publications\review.html --> www.mems.uc.edu /export/home3/cahn/public_html/publications review.html
100.05.02 12:05 B C:\htdocs\public_html\publications\book.html --> www.mems.uc.edu /export/home3/cahn/public_html/publications book.html
100.05.02 12:05 B C:\htdocs\public_html\publications\conference.html --> www.mems.uc.edu /export/home3/cahn/public_html/publications conference.html
100.05.02 12:05 B C:\htdocs\public_html\publications\index.html --> www.mems.uc.edu /export/home3/cahn/public_html/publications index.html
100.05.02 12:05 B C:\htdocs\public_html\publications\invited.html --> www.mems.uc.edu /export/home3/cahn/public_html/publications invited.html
100.05.02 12:05 B C:\htdocs\public_html\publications\journal.html --> www.mems.uc.edu /export/home3/cahn/public_html/publications journal.html
100.05.02 12:05 B C:\htdocs\public_html\publications\patent.html --> www.mems.uc.edu /export/home3/cahn/public_html/publications patent.html
100.05.02 12:05 B C:\htdocs\public_html\publications\review.html --> www.mems.uc.edu /export/home3/cahn/public_html/publications review.html
100.12.22 16:04 B X:\public_html\publications\WS_FTP.LOG <-- www.mems.uc.edu /export/home3/cahn/public_html/publications WS_FTP.LOG
100.12.22 16:51 B X:\public_html\publications\book.html --> prism.ececs.uc.edu /usr/local/htdocs/publications book.html
100.12.22 16:51 B X:\public_html\publications\conference.html --> prism.ececs.uc.edu /usr/local/htdocs/publications conference.html
100.12.22 16:51 B X:\public_html\publications\index.html --> prism.ececs.uc.edu /usr/local/htdocs/publications index.html
100.12.22 16:51 B X:\public_html\publications\invited.html --> prism.ececs.uc.edu /usr/local/htdocs/publications invited.html
100.12.22 16:51 B X:\public_html\publications\journal.html --> prism.ececs.uc.edu /usr/local/htdocs/publications journal.html
100.12.22 16:51 B X:\public_html\publications\patent.html --> prism.ececs.uc.edu /usr/local/htdocs/publications patent.html
100.12.22 16:51 B X:\public_html\publications\review.html --> prism.ececs.uc.edu /usr/local/htdocs/publications review.html
